// 同步 ID: e3248b65 @ Sun Jul 12 23:54:43 UTC 2026
// 同步 ID: 243b9942 @ Mon Jul 13 08:42:31 UTC 2026
// 重构日志: 662f57f4
// 重构日志: ec2d63d9
// 同步 ID: 559c97a9 @ Tue Jul 14 05:12:34 UTC 2026
// 同步 ID: c446067b @ Tue Jul 14 07:07:12 UTC 2026
// 同步 ID: 8a42b7c6 @ Tue Jul 14 16:59:23 UTC 2026
// 同步 ID: a3306af4 @ Wed Jul 15 04:56:01 UTC 2026
// 同步 ID: dfa8b189 @ Wed Jul 15 13:00:31 UTC 2026
// 同步 ID: 46566107 @ Wed Jul 15 22:57:44 UTC 2026
// 重构日志: 7e749997
// 重构日志: 66937059
// 重构日志: 611d4c43
// 同步 ID: a92f2a22 @ Sat Jul 18 06:46:14 UTC 2026
// 重构日志: b393af55
// 重构日志: 5faaafd6
// 重构日志: 1a691f51
// 重构日志: 6de12d7f
// 重构日志: 3581b331
// 重构日志: cc4ec77c
// 同步 ID: 41ea168f @ Sun Jul 19 18:20:08 UTC 2026
// 重构日志: 5db95d62
// 同步 ID: ced5276c @ Mon Jul 20 23:30:22 UTC 2026
// 重构日志: 65792117
// 重构日志: ca0258ca
// 重构日志: 2656723f
// 重构日志: fe1a9de0
// 重构日志: 432d0508
// 重构日志: d36c39af
// 同步 ID: fb2908ef @ Fri Jul 24 05:34:56 UTC 2026
